{
  "stats": {
    "suites": 1,
    "tests": 1,
    "passes": 1,
    "pending": 0,
    "failures": 0,
    "start": "2024-02-15T02:44:42.239Z",
    "end": "2024-02-15T02:44:55.430Z",
    "duration": 13191,
    "testsRegistered": 1,
    "passPercent": 100,
    "pendingPercent": 0,
    "other": 0,
    "hasOther": false,
    "skipped": 0,
    "hasSkipped": false
  },
  "results": [
    {
      "uuid": "3f9e6b60-6378-4251-a2b1-1fad605c7136",
      "title": "",
      "fullFile": "cypress\\e2e\\tests\\ParaBankTestSuite.cy.js",
      "file": "cypress\\e2e\\tests\\ParaBankTestSuite.cy.js",
      "beforeHooks": [],
      "afterHooks": [],
      "tests": [],
      "suites": [
        {
          "uuid": "b6971e7f-056c-4acb-b866-8d6eae6e9cb4",
          "title": "ParaBank test suite",
          "fullFile": "",
          "file": "",
          "beforeHooks": [],
          "afterHooks": [],
          "tests": [
            {
              "title": "First TestCase : User Registration and Logout",
              "fullTitle": "ParaBank test suite First TestCase : User Registration and Logout",
              "timedOut": null,
              "duration": 10844,
              "state": "passed",
              "speed": "slow",
              "pass": true,
              "fail": false,
              "pending": false,
              "context": null,
              "code": "cy.wait(2000);\ncy.get('a').contains('Register').click();\n//Entering Details to Registration\nregistrationPage.enterRegistrationDetails(this.data);\nregistrationPage.submitRegistration();\ncy.wait(2000);\nregistrationPage.validateWelcomeTitle();\naccountServices.logout();",
              "err": {},
              "uuid": "f6a3a85d-8670-4778-905a-79226f21dda7",
              "parentUUID": "b6971e7f-056c-4acb-b866-8d6eae6e9cb4",
              "isHook": false,
              "skipped": false
            }
          ],
          "suites": [],
          "passes": [
            "f6a3a85d-8670-4778-905a-79226f21dda7"
          ],
          "failures": [],
          "pending": [],
          "skipped": [],
          "duration": 10844,
          "root": false,
          "rootEmpty": false,
          "_timeout": 2000
        }
      ],
      "passes": [],
      "failures": [],
      "pending": [],
      "skipped": [],
      "duration": 0,
      "root": true,
      "rootEmpty": true,
      "_timeout": 2000
    }
  ],
  "meta": {
    "mocha": {
      "version": "7.0.1"
    },
    "mochawesome": {
      "options": {
        "quiet": false,
        "reportFilename": "mochawesome",
        "saveHtml": true,
        "saveJson": true,
        "consoleReporter": "spec",
        "useInlineDiffs": false,
        "code": true
      },
      "version": "7.1.3"
    },
    "marge": {
      "options": {
        "reportDir": "cypress/reports",
        "overwrite": false,
        "html": true,
        "json": true
      },
      "version": "6.2.0"
    }
  }
}