{
  "stats": {
    "suites": 1,
    "tests": 6,
    "passes": 6,
    "pending": 0,
    "failures": 0,
    "start": "2024-02-15T03:20:06.664Z",
    "end": "2024-02-15T03:20:39.691Z",
    "duration": 33027,
    "testsRegistered": 6,
    "passPercent": 100,
    "pendingPercent": 0,
    "other": 0,
    "hasOther": false,
    "skipped": 0,
    "hasSkipped": false
  },
  "results": [
    {
      "uuid": "cf0d9be7-ef5f-43c9-a365-de9386ccbf62",
      "title": "",
      "fullFile": "cypress\\e2e\\tests\\ParaBankTestSuite.cy.js",
      "file": "cypress\\e2e\\tests\\ParaBankTestSuite.cy.js",
      "beforeHooks": [],
      "afterHooks": [],
      "tests": [],
      "suites": [
        {
          "uuid": "87fae44e-208d-478b-b0bd-cdb9d904bcfb",
          "title": "ParaBank test suite",
          "fullFile": "",
          "file": "",
          "beforeHooks": [],
          "afterHooks": [],
          "tests": [
            {
              "title": "First TestCase : User Registration and Logout",
              "fullTitle": "ParaBank test suite First TestCase : User Registration and Logout",
              "timedOut": null,
              "duration": 10517,
              "state": "passed",
              "speed": "slow",
              "pass": true,
              "fail": false,
              "pending": false,
              "context": null,
              "code": "cy.wait(2000);\ncy.get('a').contains('Register').click();\n//Entering Details to Registration\nregistrationPage.enterRegistrationDetails(this.data);\nregistrationPage.submitRegistration();\ncy.wait(2000);\nregistrationPage.validateWelcomeTitle();\naccountServices.logout();",
              "err": {},
              "uuid": "46f6fbd2-539c-4fb7-9b0b-d90773fec4ce",
              "parentUUID": "87fae44e-208d-478b-b0bd-cdb9d904bcfb",
              "isHook": false,
              "skipped": false
            },
            {
              "title": "Second TestCase : Custom Login and Page Navigation",
              "fullTitle": "ParaBank test suite Second TestCase : Custom Login and Page Navigation",
              "timedOut": null,
              "duration": 1398,
              "state": "passed",
              "speed": "fast",
              "pass": true,
              "fail": false,
              "pending": false,
              "context": null,
              "code": "//login from newly created user\ncustomLogin.loginasCurrentUser(this.data);\ncustomLogin.verifySussefullLogin();\n// verifyAboutUsNavigationLink\nglobalNavigation.verifyAboutUsNavigationLink();\nglobalNavigation.verifyServicesNavigationLink();\nglobalNavigation.verifyAdminPageNavigationLink();\naccountServices.logout();",
              "err": {},
              "uuid": "5dade80b-0b22-451e-bb47-5cc9083cdfa0",
              "parentUUID": "87fae44e-208d-478b-b0bd-cdb9d904bcfb",
              "isHook": false,
              "skipped": false
            },
            {
              "title": "Third TestCase : Open New Account and Validate New Account Details",
              "fullTitle": "ParaBank test suite Third TestCase : Open New Account and Validate New Account Details",
              "timedOut": null,
              "duration": 5021,
              "state": "passed",
              "speed": "medium",
              "pass": true,
              "fail": false,
              "pending": false,
              "context": null,
              "code": "//login from newly created user\ncustomLogin.loginasCurrentUser(this.data);\ncustomLogin.verifySussefullLogin();\n//OpenNewAccount\nopenAccountPage.openNewAccountAndSaveAccountNo(this.data);\n//validateNewAccounTDetailsAppear\naccountOverviewPage.validateNewAccounTDetailsAppear();\naccountServices.logout();",
              "err": {},
              "uuid": "88f53f31-def1-4d58-bdf3-ca94bb64a262",
              "parentUUID": "87fae44e-208d-478b-b0bd-cdb9d904bcfb",
              "isHook": false,
              "skipped": false
            },
            {
              "title": "Fourth TestCase : Tranfer Funds",
              "fullTitle": "ParaBank test suite Fourth TestCase : Tranfer Funds",
              "timedOut": null,
              "duration": 4700,
              "state": "passed",
              "speed": "fast",
              "pass": true,
              "fail": false,
              "pending": false,
              "context": null,
              "code": "//login from newly created user\ncustomLogin.loginasCurrentUser(this.data);\ncustomLogin.verifySussefullLogin();\n//FundsTransferFromNewAccountToAnotherAccount\nfundTransferPage.tranferFunds(this.data);\naccountServices.logout();",
              "err": {},
              "uuid": "ff852e4f-1fa8-41d0-92f9-581da0623a86",
              "parentUUID": "87fae44e-208d-478b-b0bd-cdb9d904bcfb",
              "isHook": false,
              "skipped": false
            },
            {
              "title": "Fifth TestCase : Bill Payment",
              "fullTitle": "ParaBank test suite Fifth TestCase : Bill Payment",
              "timedOut": null,
              "duration": 9098,
              "state": "passed",
              "speed": "medium",
              "pass": true,
              "fail": false,
              "pending": false,
              "context": null,
              "code": "//login from newly created user\ncustomLogin.loginasCurrentUser(this.data);\ncustomLogin.verifySussefullLogin();\n//MakeBillPayment\nbillPaymentPage.makeBillPayment(this.data);\naccountServices.logout();",
              "err": {},
              "uuid": "3af4892c-731b-48af-ba9f-f92c1be64cf2",
              "parentUUID": "87fae44e-208d-478b-b0bd-cdb9d904bcfb",
              "isHook": false,
              "skipped": false
            },
            {
              "title": "6th Test: FindTransactions API call and response validation",
              "fullTitle": "ParaBank test suite 6th Test: FindTransactions API call and response validation",
              "timedOut": null,
              "duration": 187,
              "state": "passed",
              "speed": "fast",
              "pass": true,
              "fail": false,
              "pending": false,
              "context": null,
              "code": "const url = await aPIUtility.createURLFindTransactionByAmount();\nif (url) {\n  const response = await cy.request({\n    method: 'GET',\n    url: url,\n    auth: {\n      username: this.data.currentUserName,\n      password: this.data.password\n    }\n  });\n  // Handle response\n  cy.log(response.body);\n  expect(response.status).to.eq(200);\n  // Extract the item\n  const transaction = response.body[0];\n  // Read newAccountNumber\n  const value = await dataReadWrite.readData('newAccountNumber');\n  const newAccountNumber = parseInt(value.replace(/'/g, ''));\n  expect(transaction.accountId).to.eq(newAccountNumber);\n  const amountFloat = parseFloat(transaction.amount);\n  // Handling decimals\n  const expectedAmountFormatted = amountFloat.toFixed(2);\n  expect(expectedAmountFormatted).to.eq(this.data.billPaymentAmount);\n} else {\n  console.error('URL is not valid');\n}",
              "err": {},
              "uuid": "4ffb766a-2f35-445a-ba22-721f424dc182",
              "parentUUID": "87fae44e-208d-478b-b0bd-cdb9d904bcfb",
              "isHook": false,
              "skipped": false
            }
          ],
          "suites": [],
          "passes": [
            "46f6fbd2-539c-4fb7-9b0b-d90773fec4ce",
            "5dade80b-0b22-451e-bb47-5cc9083cdfa0",
            "88f53f31-def1-4d58-bdf3-ca94bb64a262",
            "ff852e4f-1fa8-41d0-92f9-581da0623a86",
            "3af4892c-731b-48af-ba9f-f92c1be64cf2",
            "4ffb766a-2f35-445a-ba22-721f424dc182"
          ],
          "failures": [],
          "pending": [],
          "skipped": [],
          "duration": 30921,
          "root": false,
          "rootEmpty": false,
          "_timeout": 2000
        }
      ],
      "passes": [],
      "failures": [],
      "pending": [],
      "skipped": [],
      "duration": 0,
      "root": true,
      "rootEmpty": true,
      "_timeout": 2000
    }
  ],
  "meta": {
    "mocha": {
      "version": "7.0.1"
    },
    "mochawesome": {
      "options": {
        "quiet": false,
        "reportFilename": "mochawesome",
        "saveHtml": true,
        "saveJson": true,
        "consoleReporter": "spec",
        "useInlineDiffs": false,
        "code": true
      },
      "version": "7.1.3"
    },
    "marge": {
      "options": {
        "reportDir": "cypress/reports",
        "overwrite": false,
        "html": true,
        "charts": true,
        "json": true
      },
      "version": "6.2.0"
    }
  }
}